<?xml version="1.0" encoding="UTF-8"?>
<!-- Generated by org.testng.reporters.JUnitReportReporter -->
<testsuite hostname="LT0022" name="testclasses.DriveExcel" tests="1" failures="0" timestamp="9 Jan 2021 09:43:37 GMT" time="0.016" errors="0">
  <testcase name="readExcelData" time="0.016" classname="testclasses.DriveExcel"/>
</testsuite> <!-- testclasses.DriveExcel -->
