<?xml version="1.0" encoding="UTF-8"?>
<!-- Generated by org.testng.reporters.JUnitReportReporter -->
<testsuite hostname="LT0022" name="testclasses.ForgotPasswordTest" tests="1" failures="0" timestamp="1 Dec 2020 05:34:06 GMT" time="34.377" errors="0">
  <testcase name="fogotPassword" time="34.377" classname="testclasses.ForgotPasswordTest"/>
</testsuite> <!-- testclasses.ForgotPasswordTest -->
