<?xml version="1.0" encoding="UTF-8"?>
<!-- Generated by org.testng.reporters.JUnitReportReporter -->
<testsuite hostname="LT0022" name="utility.Constants" tests="1" failures="0" timestamp="7 Dec 2020 14:34:43 GMT" time="0.031" errors="0">
  <testcase name="check" time="0.031" classname="utility.Constants"/>
</testsuite> <!-- utility.Constants -->
