<?xml version="1.0" encoding="UTF-8"?>
<!-- Generated by org.testng.reporters.JUnitReportReporter -->
<testsuite hostname="LT0022" name="testclasses.SubscribeBAAnalyticsCourseTest" tests="1" failures="0" timestamp="1 Dec 2020 05:34:06 GMT" time="96.906" errors="0">
  <testcase name="subscribeBusinessAnalyticsCourse" time="96.906" classname="testclasses.SubscribeBAAnalyticsCourseTest"/>
</testsuite> <!-- testclasses.SubscribeBAAnalyticsCourseTest -->
