<?xml version="1.0" encoding="UTF-8"?>
<!-- Generated by org.testng.reporters.JUnitReportReporter -->
<testsuite hostname="LT0022" name="testclasses.LoginTest" tests="1" failures="0" timestamp="7 Jan 2021 13:43:37 GMT" time="40.743" errors="0">
  <testcase name="registerNewUser" time="40.743" classname="testclasses.LoginTest"/>
</testsuite> <!-- testclasses.LoginTest -->
